[0m15:10:36.675007 [debug] [MainThread]: Sending event: {'category': 'dbt', 'action': 'invocation', 'label': 'start', 'context': [<snowplow_tracker.self_describing_json.SelfDescribingJson object at 0x109579e50>, <snowplow_tracker.self_describing_json.SelfDescribingJson object at 0x1095b9790>, <snowplow_tracker.self_describing_json.SelfDescribingJson object at 0x109565950>]}


============================== 15:10:36.677868 | 60301201-b1a5-4caa-a038-a18e05c122fe ==============================
[0m15:10:36.677868 [info ] [MainThread]: Running with dbt=1.8.8
[0m15:10:36.678319 [debug] [MainThread]: running dbt with arguments {'printer_width': '80', 'indirect_selection': 'eager', 'write_json': 'True', 'log_cache_events': 'False', 'partial_parse': 'True', 'cache_selected_only': 'False', 'profiles_dir': '/Users/phil/_git_repos', 'fail_fast': 'False', 'version_check': 'True', 'log_path': 'logs', 'warn_error': 'None', 'debug': 'False', 'use_colors': 'True', 'use_experimental_parser': 'False', 'no_print': 'None', 'quiet': 'False', 'empty': 'None', 'warn_error_options': "WarnErrorOptions(include='all', exclude=['LogTestResult'])", 'static_parser': 'True', 'log_format': 'default', 'introspect': 'True', 'target_path': 'None', 'invocation_command': 'dbt init', 'send_anonymous_usage_stats': 'True'}
[0m15:10:40.409040 [debug] [MainThread]: Starter project path: /Users/phil/_git_repos/instacart-dbt/.venv/lib/python3.11/site-packages/dbt/include/starter_project
[0m15:10:40.416246 [info ] [MainThread]: 
Your new dbt project "parent" was created!

For more information on how to configure the profiles.yml file,
please consult the dbt documentation here:

  https://docs.getdbt.com/docs/configure-your-profile

One more thing:

Need help? Don't hesitate to reach out to us via GitHub issues or on Slack:

  https://community.getdbt.com/

Happy modeling!

[0m15:10:40.416535 [info ] [MainThread]: Setting up your profile.
[0m15:10:45.135157 [error] [MainThread]: Encountered an error:

[0m15:10:45.139974 [error] [MainThread]: Traceback (most recent call last):
  File "/Users/phil/_git_repos/instacart-dbt/.venv/lib/python3.11/site-packages/dbt/cli/requires.py", line 138, in wrapper
    result, success = func(*args, **kwargs)
                      ^^^^^^^^^^^^^^^^^^^^^
  File "/Users/phil/_git_repos/instacart-dbt/.venv/lib/python3.11/site-packages/dbt/cli/requires.py", line 101, in wrapper
    return func(*args, **kwargs)
           ^^^^^^^^^^^^^^^^^^^^^
  File "/Users/phil/_git_repos/instacart-dbt/.venv/lib/python3.11/site-packages/dbt/cli/main.py", line 470, in init
    results = task.run()
              ^^^^^^^^^^
  File "/Users/phil/_git_repos/instacart-dbt/.venv/lib/python3.11/site-packages/dbt/task/init.py", line 347, in run
    self.setup_profile(profile_name)
  File "/Users/phil/_git_repos/instacart-dbt/.venv/lib/python3.11/site-packages/dbt/task/init.py", line 262, in setup_profile
    adapter = self.ask_for_adapter_choice()
              ^^^^^^^^^^^^^^^^^^^^^^^^^^^^^
  File "/Users/phil/_git_repos/instacart-dbt/.venv/lib/python3.11/site-packages/dbt/task/init.py", line 243, in ask_for_adapter_choice
    numeric_choice = click.prompt(prompt_msg, type=click.INT)
                     ^^^^^^^^^^^^^^^^^^^^^^^^^^^^^^^^^^^^^^^^
  File "/Users/phil/_git_repos/instacart-dbt/.venv/lib/python3.11/site-packages/click/termui.py", line 168, in prompt
    value = prompt_func(prompt)
            ^^^^^^^^^^^^^^^^^^^
  File "/Users/phil/_git_repos/instacart-dbt/.venv/lib/python3.11/site-packages/click/termui.py", line 151, in prompt_func
    raise Abort() from None
click.exceptions.Abort

[0m15:10:45.140815 [debug] [MainThread]: Resource report: {"command_name": "init", "command_wall_clock_time": 8.511962, "process_user_time": 0.579336, "process_kernel_time": 0.162303, "process_mem_max_rss": "111132672", "command_success": false, "process_in_blocks": "0", "process_out_blocks": "0"}
[0m15:10:45.141229 [debug] [MainThread]: Command `dbt init` failed at 15:10:45.141160 after 8.51 seconds
[0m15:10:45.141521 [debug] [MainThread]: Sending event: {'category': 'dbt', 'action': 'invocation', 'label': 'end', 'context': [<snowplow_tracker.self_describing_json.SelfDescribingJson object at 0x1095effd0>, <snowplow_tracker.self_describing_json.SelfDescribingJson object at 0x109572b90>, <snowplow_tracker.self_describing_json.SelfDescribingJson object at 0x1010616d0>]}
[0m15:10:45.141827 [debug] [MainThread]: Flushing usage events
[0m15:11:35.937969 [debug] [MainThread]: Sending event: {'category': 'dbt', 'action': 'invocation', 'label': 'start', 'context': [<snowplow_tracker.self_describing_json.SelfDescribingJson object at 0x10c0cd710>, <snowplow_tracker.self_describing_json.SelfDescribingJson object at 0x10c10d0d0>, <snowplow_tracker.self_describing_json.SelfDescribingJson object at 0x10c12f150>]}


============================== 15:11:35.940181 | f61b15e5-8792-41e8-9096-af5ce0064e1a ==============================
[0m15:11:35.940181 [info ] [MainThread]: Running with dbt=1.8.8
[0m15:11:35.940516 [debug] [MainThread]: running dbt with arguments {'printer_width': '80', 'indirect_selection': 'eager', 'log_cache_events': 'False', 'write_json': 'True', 'partial_parse': 'True', 'cache_selected_only': 'False', 'warn_error': 'None', 'version_check': 'True', 'fail_fast': 'False', 'log_path': 'logs', 'debug': 'False', 'profiles_dir': '/Users/phil/_git_repos', 'use_colors': 'True', 'use_experimental_parser': 'False', 'empty': 'None', 'quiet': 'False', 'no_print': 'None', 'warn_error_options': "WarnErrorOptions(include='all', exclude=['LogTestResult'])", 'introspect': 'True', 'static_parser': 'True', 'log_format': 'default', 'target_path': 'None', 'invocation_command': 'dbt init', 'send_anonymous_usage_stats': 'True'}
[0m15:11:39.093383 [debug] [MainThread]: Starter project path: /Users/phil/_git_repos/instacart-dbt/.venv/lib/python3.11/site-packages/dbt/include/starter_project
[0m15:11:39.100348 [info ] [MainThread]: 
Your new dbt project "child" was created!

For more information on how to configure the profiles.yml file,
please consult the dbt documentation here:

  https://docs.getdbt.com/docs/configure-your-profile

One more thing:

Need help? Don't hesitate to reach out to us via GitHub issues or on Slack:

  https://community.getdbt.com/

Happy modeling!

[0m15:11:39.100915 [info ] [MainThread]: Setting up your profile.
[0m15:11:40.100768 [error] [MainThread]: Encountered an error:

[0m15:11:40.104260 [error] [MainThread]: Traceback (most recent call last):
  File "/Users/phil/_git_repos/instacart-dbt/.venv/lib/python3.11/site-packages/dbt/cli/requires.py", line 138, in wrapper
    result, success = func(*args, **kwargs)
                      ^^^^^^^^^^^^^^^^^^^^^
  File "/Users/phil/_git_repos/instacart-dbt/.venv/lib/python3.11/site-packages/dbt/cli/requires.py", line 101, in wrapper
    return func(*args, **kwargs)
           ^^^^^^^^^^^^^^^^^^^^^
  File "/Users/phil/_git_repos/instacart-dbt/.venv/lib/python3.11/site-packages/dbt/cli/main.py", line 470, in init
    results = task.run()
              ^^^^^^^^^^
  File "/Users/phil/_git_repos/instacart-dbt/.venv/lib/python3.11/site-packages/dbt/task/init.py", line 347, in run
    self.setup_profile(profile_name)
  File "/Users/phil/_git_repos/instacart-dbt/.venv/lib/python3.11/site-packages/dbt/task/init.py", line 262, in setup_profile
    adapter = self.ask_for_adapter_choice()
              ^^^^^^^^^^^^^^^^^^^^^^^^^^^^^
  File "/Users/phil/_git_repos/instacart-dbt/.venv/lib/python3.11/site-packages/dbt/task/init.py", line 243, in ask_for_adapter_choice
    numeric_choice = click.prompt(prompt_msg, type=click.INT)
                     ^^^^^^^^^^^^^^^^^^^^^^^^^^^^^^^^^^^^^^^^
  File "/Users/phil/_git_repos/instacart-dbt/.venv/lib/python3.11/site-packages/click/termui.py", line 168, in prompt
    value = prompt_func(prompt)
            ^^^^^^^^^^^^^^^^^^^
  File "/Users/phil/_git_repos/instacart-dbt/.venv/lib/python3.11/site-packages/click/termui.py", line 151, in prompt_func
    raise Abort() from None
click.exceptions.Abort

[0m15:11:40.105869 [debug] [MainThread]: Resource report: {"command_name": "init", "command_wall_clock_time": 4.214686, "process_user_time": 0.561076, "process_kernel_time": 0.118803, "process_mem_max_rss": "111230976", "command_success": false, "process_in_blocks": "0", "process_out_blocks": "0"}
[0m15:11:40.106691 [debug] [MainThread]: Command `dbt init` failed at 15:11:40.106519 after 4.22 seconds
[0m15:11:40.107340 [debug] [MainThread]: Sending event: {'category': 'dbt', 'action': 'invocation', 'label': 'end', 'context': [<snowplow_tracker.self_describing_json.SelfDescribingJson object at 0x10c142ed0>, <snowplow_tracker.self_describing_json.SelfDescribingJson object at 0x10c0c69d0>, <snowplow_tracker.self_describing_json.SelfDescribingJson object at 0x10311eb90>]}
[0m15:11:40.107812 [debug] [MainThread]: Flushing usage events
